# JRE version: OpenJDK Runtime Environment Temurin-21.0.9+10 (21.0.9+10) (build 21.0.9+10-LTS)
# Java VM: OpenJDK 64-Bit Server VM Temurin-21.0.9+10 (21.0.9+10-LTS, mixed mode, sharing, tiered, compressed oops, compressed class ptrs, parallel gc, windows-amd64)
GC Precious Log:
 CardTable entry size: 512
 CPUs: 4 total, 4 available
 Memory: 8132M
 Large Page Support: Disabled
 NUMA Support: Disabled
 Compressed Oops: Enabled (32-bit)
 Alignments: Space 512K, Generation 512K, Heap 2M
 Heap Min Capacity: 100M
 Heap Initial Capacity: 100M
 Heap Max Capacity: 2G
 Pre-touch: Disabled
 Parallel Workers: 4
Heap:
 PSYoungGen      total 5632K, used 4586K [0x00000000d5580000, 0x00000000d5d80000, 0x0000000100000000)
  eden space 4096K, 75% used [0x00000000d5580000,0x00000000d5882ba8,0x00000000d5980000)
  from space 1536K, 97% used [0x00000000d5c00000,0x00000000d5d78000,0x00000000d5d80000)
  to   space 2048K, 0% used [0x00000000d5980000,0x00000000d5980000,0x00000000d5b80000)
 ParOldGen       total 651776K, used 651369K [0x0000000080000000, 0x00000000a7c80000, 0x00000000d5580000)
  object space 651776K, 99% used [0x0000000080000000,0x00000000a7c1a528,0x00000000a7c80000)
 Metaspace       used 76289K, committed 77952K, reserved 1179648K
  class space    used 7577K, committed 8384K, reserved 1048576K
GC Heap History (20 events):
Event: 2607.161 GC heap before
{Heap before GC invocations=793 (full 4):
 PSYoungGen      total 4608K, used 4551K [0x00000000d5580000, 0x00000000d6280000, 0x0000000100000000)
  eden space 2048K, 97% used [0x00000000d5580000,0x00000000d57754f0,0x00000000d5780000)
  from space 2560K, 99% used [0x00000000d5c00000,0x00000000d5e7c848,0x00000000d5e80000)
  to   space 4608K, 0% used [0x00000000d5780000,0x00000000d5780000,0x00000000d5c00000)
 ParOldGen       total 637440K, used 637254K [0x0000000080000000, 0x00000000a6e80000, 0x00000000d5580000)
  object space 637440K, 99% used [0x0000000080000000,0x00000000a6e51b40,0x00000000a6e80000)
 Metaspace       used 76261K, committed 77952K, reserved 1179648K
  class space    used 7577K, committed 8384K, reserved 1048576K
}
Event: 2607.163 GC heap after
{Heap after GC invocations=793 (full 4):
 PSYoungGen      total 4096K, used 1738K [0x00000000d5580000, 0x00000000d5d00000, 0x0000000100000000)
  eden space 2048K, 0% used [0x00000000d5580000,0x00000000d5580000,0x00000000d5780000)
  from space 2048K, 84% used [0x00000000d5780000,0x00000000d5932b58,0x00000000d5980000)
  to   space 2560K, 0% used [0x00000000d5a80000,0x00000000d5a80000,0x00000000d5d00000)
 ParOldGen       total 640512K, used 639814K [0x0000000080000000, 0x00000000a7180000, 0x00000000d5580000)
  object space 640512K, 99% used [0x0000000080000000,0x00000000a70d1a80,0x00000000a7180000)
 Metaspace       used 76261K, committed 77952K, reserved 1179648K
  class space    used 7577K, committed 8384K, reserved 1048576K
}
Event: 2607.169 GC heap before
{Heap before GC invocations=794 (full 4):
 PSYoungGen      total 4096K, used 3777K [0x00000000d5580000, 0x00000000d5d00000, 0x0000000100000000)
  eden space 2048K, 99% used [0x00000000d5580000,0x00000000d577dc78,0x00000000d5780000)
  from space 2048K, 84% used [0x00000000d5780000,0x00000000d5932b58,0x00000000d5980000)
  to   space 2560K, 0% used [0x00000000d5a80000,0x00000000d5a80000,0x00000000d5d00000)
 ParOldGen       total 640512K, used 639814K [0x0000000080000000, 0x00000000a7180000, 0x00000000d5580000)
  object space 640512K, 99% used [0x0000000080000000,0x00000000a70d1a80,0x00000000a7180000)
 Metaspace       used 76261K, committed 77952K, reserved 1179648K
  class space    used 7577K, committed 8384K, reserved 1048576K
}
Event: 2607.171 GC heap after
{Heap after GC invocations=794 (full 4):
 PSYoungGen      total 4608K, used 1662K [0x00000000d5580000, 0x00000000d5c80000, 0x0000000100000000)
  eden space 2560K, 0% used [0x00000000d5580000,0x00000000d5580000,0x00000000d5800000)
  from space 2048K, 81% used [0x00000000d5a80000,0x00000000d5c1f8e0,0x00000000d5c80000)
  to   space 2048K, 0% used [0x00000000d5880000,0x00000000d5880000,0x00000000d5a80000)
 ParOldGen       total 642048K, used 641487K [0x0000000080000000, 0x00000000a7300000, 0x00000000d5580000)
  object space 642048K, 99% used [0x0000000080000000,0x00000000a7273c08,0x00000000a7300000)
 Metaspace       used 76261K, committed 77952K, reserved 1179648K
  class space    used 7577K, committed 8384K, reserved 1048576K
}
Event: 2607.177 GC heap before
{Heap before GC invocations=795 (full 4):
 PSYoungGen      total 4608K, used 4222K [0x00000000d5580000, 0x00000000d5c80000, 0x0000000100000000)
  eden space 2560K, 100% used [0x00000000d5580000,0x00000000d5800000,0x00000000d5800000)
  from space 2048K, 81% used [0x00000000d5a80000,0x00000000d5c1f8e0,0x00000000d5c80000)
  to   space 2048K, 0% used [0x00000000d5880000,0x00000000d5880000,0x00000000d5a80000)
 ParOldGen       total 642048K, used 641487K [0x0000000080000000, 0x00000000a7300000, 0x00000000d5580000)
  object space 642048K, 99% used [0x0000000080000000,0x00000000a7273c08,0x00000000a7300000)
 Metaspace       used 76261K, committed 77952K, reserved 1179648K
  class space    used 7577K, committed 8384K, reserved 1048576K
}
Event: 2607.179 GC heap after
{Heap after GC invocations=795 (full 4):
 PSYoungGen      total 5120K, used 2034K [0x00000000d5580000, 0x00000000d6080000, 0x0000000100000000)
  eden space 3072K, 0% used [0x00000000d5580000,0x00000000d5580000,0x00000000d5880000)
  from space 2048K, 99% used [0x00000000d5880000,0x00000000d5a7cb30,0x00000000d5a80000)
  to   space 4096K, 0% used [0x00000000d5c80000,0x00000000d5c80000,0x00000000d6080000)
 ParOldGen       total 643072K, used 643066K [0x0000000080000000, 0x00000000a7400000, 0x00000000d5580000)
  object space 643072K, 99% used [0x0000000080000000,0x00000000a73fead0,0x00000000a7400000)
 Metaspace       used 76261K, committed 77952K, reserved 1179648K
  class space    used 7577K, committed 8384K, reserved 1048576K
}
Event: 2607.187 GC heap before
{Heap before GC invocations=796 (full 4):
 PSYoungGen      total 5120K, used 5106K [0x00000000d5580000, 0x00000000d6080000, 0x0000000100000000)
  eden space 3072K, 100% used [0x00000000d5580000,0x00000000d5880000,0x00000000d5880000)
  from space 2048K, 99% used [0x00000000d5880000,0x00000000d5a7cb30,0x00000000d5a80000)
  to   space 4096K, 0% used [0x00000000d5c80000,0x00000000d5c80000,0x00000000d6080000)
 ParOldGen       total 643072K, used 643066K [0x0000000080000000, 0x00000000a7400000, 0x00000000d5580000)
  object space 643072K, 99% used [0x0000000080000000,0x00000000a73fead0,0x00000000a7400000)
 Metaspace       used 76262K, committed 77952K, reserved 1179648K
  class space    used 7577K, committed 8384K, reserved 1048576K
}
Event: 2607.189 GC heap after
{Heap after GC invocations=796 (full 4):
 PSYoungGen      total 5120K, used 640K [0x00000000d5580000, 0x00000000d5d80000, 0x0000000100000000)
  eden space 4096K, 0% used [0x00000000d5580000,0x00000000d5580000,0x00000000d5980000)
  from space 1024K, 62% used [0x00000000d5c80000,0x00000000d5d20000,0x00000000d5d80000)
  to   space 2048K, 0% used [0x00000000d5980000,0x00000000d5980000,0x00000000d5b80000)
 ParOldGen       total 645120K, used 645052K [0x0000000080000000, 0x00000000a7600000, 0x00000000d5580000)
  object space 645120K, 99% used [0x0000000080000000,0x00000000a75ef228,0x00000000a7600000)
 Metaspace       used 76262K, committed 77952K, reserved 1179648K
  class space    used 7577K, committed 8384K, reserved 1048576K
}
Event: 2607.197 GC heap before
{Heap before GC invocations=797 (full 4):
 PSYoungGen      total 5120K, used 4736K [0x00000000d5580000, 0x00000000d5d80000, 0x0000000100000000)
  eden space 4096K, 100% used [0x00000000d5580000,0x00000000d5980000,0x00000000d5980000)
  from space 1024K, 62% used [0x00000000d5c80000,0x00000000d5d20000,0x00000000d5d80000)
  to   space 2048K, 0% used [0x00000000d5980000,0x00000000d5980000,0x00000000d5b80000)
 ParOldGen       total 645120K, used 645052K [0x0000000080000000, 0x00000000a7600000, 0x00000000d5580000)
  object space 645120K, 99% used [0x0000000080000000,0x00000000a75ef228,0x00000000a7600000)
 Metaspace       used 76262K, committed 77952K, reserved 1179648K
  class space    used 7577K, committed 8384K, reserved 1048576K
}
Event: 2607.198 GC heap after
{Heap after GC invocations=797 (full 4):
 PSYoungGen      total 6144K, used 384K [0x00000000d5580000, 0x00000000d5d00000, 0x0000000100000000)
  eden space 4096K, 0% used [0x00000000d5580000,0x00000000d5580000,0x00000000d5980000)
  from space 2048K, 18% used [0x00000000d5980000,0x00000000d59e0000,0x00000000d5b80000)
  to   space 1024K, 0% used [0x00000000d5c00000,0x00000000d5c00000,0x00000000d5d00000)
 ParOldGen       total 645632K, used 645607K [0x0000000080000000, 0x00000000a7680000, 0x00000000d5580000)
  object space 645632K, 99% used [0x0000000080000000,0x00000000a7679d48,0x00000000a7680000)
 Metaspace       used 76262K, committed 77952K, reserved 1179648K
  class space    used 7577K, committed 8384K, reserved 1048576K
}
Event: 2607.213 GC heap before
{Heap before GC invocations=798 (full 4):
 PSYoungGen      total 6144K, used 4480K [0x00000000d5580000, 0x00000000d5d00000, 0x0000000100000000)
  eden space 4096K, 100% used [0x00000000d5580000,0x00000000d5980000,0x00000000d5980000)
  from space 2048K, 18% used [0x00000000d5980000,0x00000000d59e0000,0x00000000d5b80000)
  to   space 1024K, 0% used [0x00000000d5c00000,0x00000000d5c00000,0x00000000d5d00000)
 ParOldGen       total 645632K, used 645607K [0x0000000080000000, 0x00000000a7680000, 0x00000000d5580000)
  object space 645632K, 99% used [0x0000000080000000,0x00000000a7679d48,0x00000000a7680000)
 Metaspace       used 76262K, committed 77952K, reserved 1179648K
  class space    used 7577K, committed 8384K, reserved 1048576K
}
Event: 2607.215 GC heap after
{Heap after GC invocations=798 (full 4):
 PSYoungGen      total 5120K, used 1024K [0x00000000d5580000, 0x00000000d5d00000, 0x0000000100000000)
  eden space 4096K, 0% used [0x00000000d5580000,0x00000000d5580000,0x00000000d5980000)
  from space 1024K, 100% used [0x00000000d5c00000,0x00000000d5d00000,0x00000000d5d00000)
  to   space 1536K, 0% used [0x00000000d5a00000,0x00000000d5a00000,0x00000000d5b80000)
 ParOldGen       total 646144K, used 645939K [0x0000000080000000, 0x00000000a7700000, 0x00000000d5580000)
  object space 646144K, 99% used [0x0000000080000000,0x00000000a76ccec8,0x00000000a7700000)
 Metaspace       used 76262K, committed 77952K, reserved 1179648K
  class space    used 7577K, committed 8384K, reserved 1048576K
}
Event: 2607.640 GC heap before
{Heap before GC invocations=799 (full 4):
 PSYoungGen      total 5120K, used 5120K [0x00000000d5580000, 0x00000000d5d00000, 0x0000000100000000)
  eden space 4096K, 100% used [0x00000000d5580000,0x00000000d5980000,0x00000000d5980000)
  from space 1024K, 100% used [0x00000000d5c00000,0x00000000d5d00000,0x00000000d5d00000)
  to   space 1536K, 0% used [0x00000000d5a00000,0x00000000d5a00000,0x00000000d5b80000)
 ParOldGen       total 646144K, used 645939K [0x0000000080000000, 0x00000000a7700000, 0x00000000d5580000)
  object space 646144K, 99% used [0x0000000080000000,0x00000000a76ccec8,0x00000000a7700000)
 Metaspace       used 76266K, committed 77952K, reserved 1179648K
  class space    used 7577K, committed 8384K, reserved 1048576K
}
Event: 2607.645 GC heap after
{Heap after GC invocations=799 (full 4):
 PSYoungGen      total 5632K, used 1519K [0x00000000d5580000, 0x00000000d6080000, 0x0000000100000000)
  eden space 4096K, 0% used [0x00000000d5580000,0x00000000d5580000,0x00000000d5980000)
  from space 1536K, 98% used [0x00000000d5a00000,0x00000000d5b7bc78,0x00000000d5b80000)
  to   space 3584K, 0% used [0x00000000d5d00000,0x00000000d5d00000,0x00000000d6080000)
 ParOldGen       total 647680K, used 647338K [0x0000000080000000, 0x00000000a7880000, 0x00000000d5580000)
  object space 647680K, 99% used [0x0000000080000000,0x00000000a782ab70,0x00000000a7880000)
 Metaspace       used 76266K, committed 77952K, reserved 1179648K
  class space    used 7577K, committed 8384K, reserved 1048576K
}
Event: 2607.704 GC heap before
{Heap before GC invocations=800 (full 4):
 PSYoungGen      total 5632K, used 5615K [0x00000000d5580000, 0x00000000d6080000, 0x0000000100000000)
  eden space 4096K, 100% used [0x00000000d5580000,0x00000000d5980000,0x00000000d5980000)
  from space 1536K, 98% used [0x00000000d5a00000,0x00000000d5b7bc78,0x00000000d5b80000)
  to   space 3584K, 0% used [0x00000000d5d00000,0x00000000d5d00000,0x00000000d6080000)
 ParOldGen       total 647680K, used 647338K [0x0000000080000000, 0x00000000a7880000, 0x00000000d5580000)
  object space 647680K, 99% used [0x0000000080000000,0x00000000a782ab70,0x00000000a7880000)
 Metaspace       used 76266K, committed 77952K, reserved 1179648K
  class space    used 7577K, committed 8384K, reserved 1048576K
}
Event: 2607.707 GC heap after
{Heap after GC invocations=800 (full 4):
 PSYoungGen      total 5632K, used 1520K [0x00000000d5580000, 0x00000000d5e80000, 0x0000000100000000)
  eden space 4096K, 0% used [0x00000000d5580000,0x00000000d5580000,0x00000000d5980000)
  from space 1536K, 98% used [0x00000000d5d00000,0x00000000d5e7c188,0x00000000d5e80000)
  to   space 2048K, 0% used [0x00000000d5a80000,0x00000000d5a80000,0x00000000d5c80000)
 ParOldGen       total 649216K, used 648854K [0x0000000080000000, 0x00000000a7a00000, 0x00000000d5580000)
  object space 649216K, 99% used [0x0000000080000000,0x00000000a79a5b38,0x00000000a7a00000)
 Metaspace       used 76266K, committed 77952K, reserved 1179648K
  class space    used 7577K, committed 8384K, reserved 1048576K
}
Event: 2607.740 GC heap before
{Heap before GC invocations=801 (full 4):
 PSYoungGen      total 5632K, used 5616K [0x00000000d5580000, 0x00000000d5e80000, 0x0000000100000000)
  eden space 4096K, 100% used [0x00000000d5580000,0x00000000d5980000,0x00000000d5980000)
  from space 1536K, 98% used [0x00000000d5d00000,0x00000000d5e7c188,0x00000000d5e80000)
  to   space 2048K, 0% used [0x00000000d5a80000,0x00000000d5a80000,0x00000000d5c80000)
 ParOldGen       total 649216K, used 648854K [0x0000000080000000, 0x00000000a7a00000, 0x00000000d5580000)
  object space 649216K, 99% used [0x0000000080000000,0x00000000a79a5b38,0x00000000a7a00000)
 Metaspace       used 76270K, committed 77952K, reserved 1179648K
  class space    used 7577K, committed 8384K, reserved 1048576K
}
Event: 2607.743 GC heap after
{Heap after GC invocations=801 (full 4):
 PSYoungGen      total 5632K, used 1182K [0x00000000d5580000, 0x00000000d5d80000, 0x0000000100000000)
  eden space 4096K, 0% used [0x00000000d5580000,0x00000000d5580000,0x00000000d5980000)
  from space 1536K, 77% used [0x00000000d5a80000,0x00000000d5ba7b08,0x00000000d5c00000)
  to   space 1536K, 0% used [0x00000000d5c00000,0x00000000d5c00000,0x00000000d5d80000)
 ParOldGen       total 650240K, used 650231K [0x0000000080000000, 0x00000000a7b00000, 0x00000000d5580000)
  object space 650240K, 99% used [0x0000000080000000,0x00000000a7afdd00,0x00000000a7b00000)
 Metaspace       used 76270K, committed 77952K, reserved 1179648K
  class space    used 7577K, committed 8384K, reserved 1048576K
}
Event: 2607.757 GC heap before
{Heap before GC invocations=802 (full 4):
 PSYoungGen      total 5632K, used 5278K [0x00000000d5580000, 0x00000000d5d80000, 0x0000000100000000)
  eden space 4096K, 100% used [0x00000000d5580000,0x00000000d5980000,0x00000000d5980000)
  from space 1536K, 77% used [0x00000000d5a80000,0x00000000d5ba7b08,0x00000000d5c00000)
  to   space 1536K, 0% used [0x00000000d5c00000,0x00000000d5c00000,0x00000000d5d80000)
 ParOldGen       total 650240K, used 650231K [0x0000000080000000, 0x00000000a7b00000, 0x00000000d5580000)
  object space 650240K, 99% used [0x0000000080000000,0x00000000a7afdd00,0x00000000a7b00000)
 Metaspace       used 76289K, committed 77952K, reserved 1179648K
  class space    used 7577K, committed 8384K, reserved 1048576K
}
Event: 2607.762 GC heap after
{Heap after GC invocations=802 (full 4):
 PSYoungGen      total 5632K, used 1504K [0x00000000d5580000, 0x00000000d5d80000, 0x0000000100000000)
  eden space 4096K, 0% used [0x00000000d5580000,0x00000000d5580000,0x00000000d5980000)
  from space 1536K, 97% used [0x00000000d5c00000,0x00000000d5d78000,0x00000000d5d80000)
  to   space 2048K, 0% used [0x00000000d5980000,0x00000000d5980000,0x00000000d5b80000)
 ParOldGen       total 651776K, used 651369K [0x0000000080000000, 0x00000000a7c80000, 0x00000000d5580000)
  object space 651776K, 99% used [0x0000000080000000,0x00000000a7c1a528,0x00000000a7c80000)
 Metaspace       used 76289K, committed 77952K, reserved 1179648K
  class space    used 7577K, committed 8384K, reserved 1048576K
}

