# JRE version: OpenJDK Runtime Environment Temurin-21.0.9+10 (21.0.9+10) (build 21.0.9+10-LTS)
# Java VM: OpenJDK 64-Bit Server VM Temurin-21.0.9+10 (21.0.9+10-LTS, mixed mode, sharing, tiered, compressed oops, compressed class ptrs, parallel gc, windows-amd64)
GC Precious Log:
 CardTable entry size: 512
 CPUs: 4 total, 4 available
 Memory: 8132M
 Large Page Support: Disabled
 NUMA Support: Disabled
 Compressed Oops: Enabled (32-bit)
 Alignments: Space 512K, Generation 512K, Heap 2M
 Heap Min Capacity: 100M
 Heap Initial Capacity: 100M
 Heap Max Capacity: 2G
 Pre-touch: Disabled
 Parallel Workers: 4
Heap:
 PSYoungGen      total 4608K, used 3593K [0x00000000d5580000, 0x00000000d5b00000, 0x0000000100000000)
  eden space 4096K, 83% used [0x00000000d5580000,0x00000000d58d2418,0x00000000d5980000)
  from space 512K, 37% used [0x00000000d5a80000,0x00000000d5ab0000,0x00000000d5b00000)
  to   space 512K, 0% used [0x00000000d5980000,0x00000000d5980000,0x00000000d5a00000)
 ParOldGen       total 180736K, used 180692K [0x0000000080000000, 0x000000008b080000, 0x00000000d5580000)
  object space 180736K, 99% used [0x0000000080000000,0x000000008b0751e0,0x000000008b080000)
 Metaspace       used 71117K, committed 72832K, reserved 1114112K
  class space    used 7238K, committed 8064K, reserved 1048576K
GC Heap History (20 events):
Event: 410.986 GC heap before
{Heap before GC invocations=152 (full 3):
 PSYoungGen      total 6144K, used 5491K [0x00000000d5580000, 0x00000000d5c80000, 0x0000000100000000)
  eden space 5120K, 99% used [0x00000000d5580000,0x00000000d5a7dde0,0x00000000d5a80000)
  from space 1024K, 37% used [0x00000000d5b80000,0x00000000d5bdefb8,0x00000000d5c80000)
  to   space 1024K, 0% used [0x00000000d5a80000,0x00000000d5a80000,0x00000000d5b80000)
 ParOldGen       total 173056K, used 172932K [0x0000000080000000, 0x000000008a900000, 0x00000000d5580000)
  object space 173056K, 99% used [0x0000000080000000,0x000000008a8e1058,0x000000008a900000)
 Metaspace       used 70920K, committed 72640K, reserved 1114112K
  class space    used 7234K, committed 8064K, reserved 1048576K
}
Event: 410.990 GC heap after
{Heap after GC invocations=152 (full 3):
 PSYoungGen      total 6144K, used 1015K [0x00000000d5580000, 0x00000000d5f80000, 0x0000000100000000)
  eden space 5120K, 0% used [0x00000000d5580000,0x00000000d5580000,0x00000000d5a80000)
  from space 1024K, 99% used [0x00000000d5a80000,0x00000000d5b7ddf0,0x00000000d5b80000)
  to   space 2560K, 0% used [0x00000000d5d00000,0x00000000d5d00000,0x00000000d5f80000)
 ParOldGen       total 174592K, used 173922K [0x0000000080000000, 0x000000008aa80000, 0x00000000d5580000)
  object space 174592K, 99% used [0x0000000080000000,0x000000008a9d8a80,0x000000008aa80000)
 Metaspace       used 70920K, committed 72640K, reserved 1114112K
  class space    used 7234K, committed 8064K, reserved 1048576K
}
Event: 411.098 GC heap before
{Heap before GC invocations=153 (full 3):
 PSYoungGen      total 6144K, used 6135K [0x00000000d5580000, 0x00000000d5f80000, 0x0000000100000000)
  eden space 5120K, 100% used [0x00000000d5580000,0x00000000d5a80000,0x00000000d5a80000)
  from space 1024K, 99% used [0x00000000d5a80000,0x00000000d5b7ddf0,0x00000000d5b80000)
  to   space 2560K, 0% used [0x00000000d5d00000,0x00000000d5d00000,0x00000000d5f80000)
 ParOldGen       total 174592K, used 173922K [0x0000000080000000, 0x000000008aa80000, 0x00000000d5580000)
  object space 174592K, 99% used [0x0000000080000000,0x000000008a9d8a80,0x000000008aa80000)
 Metaspace       used 71010K, committed 72768K, reserved 1114112K
  class space    used 7237K, committed 8064K, reserved 1048576K
}
Event: 411.103 GC heap after
{Heap after GC invocations=153 (full 3):
 PSYoungGen      total 7168K, used 1916K [0x00000000d5580000, 0x00000000d5f00000, 0x0000000100000000)
  eden space 5120K, 0% used [0x00000000d5580000,0x00000000d5580000,0x00000000d5a80000)
  from space 2048K, 93% used [0x00000000d5d00000,0x00000000d5edf280,0x00000000d5f00000)
  to   space 2048K, 0% used [0x00000000d5b00000,0x00000000d5b00000,0x00000000d5d00000)
 ParOldGen       total 175104K, used 174812K [0x0000000080000000, 0x000000008ab00000, 0x00000000d5580000)
  object space 175104K, 99% used [0x0000000080000000,0x000000008aab7348,0x000000008ab00000)
 Metaspace       used 71010K, committed 72768K, reserved 1114112K
  class space    used 7237K, committed 8064K, reserved 1048576K
}
Event: 411.154 GC heap before
{Heap before GC invocations=154 (full 3):
 PSYoungGen      total 7168K, used 7004K [0x00000000d5580000, 0x00000000d5f00000, 0x0000000100000000)
  eden space 5120K, 99% used [0x00000000d5580000,0x00000000d5a77fc0,0x00000000d5a80000)
  from space 2048K, 93% used [0x00000000d5d00000,0x00000000d5edf280,0x00000000d5f00000)
  to   space 2048K, 0% used [0x00000000d5b00000,0x00000000d5b00000,0x00000000d5d00000)
 ParOldGen       total 175104K, used 174812K [0x0000000080000000, 0x000000008ab00000, 0x00000000d5580000)
  object space 175104K, 99% used [0x0000000080000000,0x000000008aab7348,0x000000008ab00000)
 Metaspace       used 71054K, committed 72768K, reserved 1114112K
  class space    used 7238K, committed 8064K, reserved 1048576K
}
Event: 411.158 GC heap after
{Heap after GC invocations=154 (full 3):
 PSYoungGen      total 6656K, used 1300K [0x00000000d5580000, 0x00000000d5d80000, 0x0000000100000000)
  eden space 5120K, 0% used [0x00000000d5580000,0x00000000d5580000,0x00000000d5a80000)
  from space 1536K, 84% used [0x00000000d5b00000,0x00000000d5c45210,0x00000000d5c80000)
  to   space 1024K, 0% used [0x00000000d5c80000,0x00000000d5c80000,0x00000000d5d80000)
 ParOldGen       total 177152K, used 176660K [0x0000000080000000, 0x000000008ad00000, 0x00000000d5580000)
  object space 177152K, 99% used [0x0000000080000000,0x000000008ac851b0,0x000000008ad00000)
 Metaspace       used 71054K, committed 72768K, reserved 1114112K
  class space    used 7238K, committed 8064K, reserved 1048576K
}
Event: 411.189 GC heap before
{Heap before GC invocations=155 (full 3):
 PSYoungGen      total 6656K, used 6420K [0x00000000d5580000, 0x00000000d5d80000, 0x0000000100000000)
  eden space 5120K, 99% used [0x00000000d5580000,0x00000000d5a7fff0,0x00000000d5a80000)
  from space 1536K, 84% used [0x00000000d5b00000,0x00000000d5c45210,0x00000000d5c80000)
  to   space 1024K, 0% used [0x00000000d5c80000,0x00000000d5c80000,0x00000000d5d80000)
 ParOldGen       total 177152K, used 176660K [0x0000000080000000, 0x000000008ad00000, 0x00000000d5580000)
  object space 177152K, 99% used [0x0000000080000000,0x000000008ac851b0,0x000000008ad00000)
 Metaspace       used 71061K, committed 72768K, reserved 1114112K
  class space    used 7238K, committed 8064K, reserved 1048576K
}
Event: 411.194 GC heap after
{Heap after GC invocations=155 (full 3):
 PSYoungGen      total 5120K, used 1008K [0x00000000d5580000, 0x00000000d6080000, 0x0000000100000000)
  eden space 4096K, 0% used [0x00000000d5580000,0x00000000d5580000,0x00000000d5980000)
  from space 1024K, 98% used [0x00000000d5c80000,0x00000000d5d7c188,0x00000000d5d80000)
  to   space 3072K, 0% used [0x00000000d5980000,0x00000000d5980000,0x00000000d5c80000)
 ParOldGen       total 178688K, used 178452K [0x0000000080000000, 0x000000008ae80000, 0x00000000d5580000)
  object space 178688K, 99% used [0x0000000080000000,0x000000008ae45368,0x000000008ae80000)
 Metaspace       used 71061K, committed 72768K, reserved 1114112K
  class space    used 7238K, committed 8064K, reserved 1048576K
}
Event: 419.827 GC heap before
{Heap before GC invocations=156 (full 3):
 PSYoungGen      total 5120K, used 4892K [0x00000000d5580000, 0x00000000d6080000, 0x0000000100000000)
  eden space 4096K, 94% used [0x00000000d5580000,0x00000000d594b0a0,0x00000000d5980000)
  from space 1024K, 98% used [0x00000000d5c80000,0x00000000d5d7c188,0x00000000d5d80000)
  to   space 3072K, 0% used [0x00000000d5980000,0x00000000d5980000,0x00000000d5c80000)
 ParOldGen       total 178688K, used 178452K [0x0000000080000000, 0x000000008ae80000, 0x00000000d5580000)
  object space 178688K, 99% used [0x0000000080000000,0x000000008ae45368,0x000000008ae80000)
 Metaspace       used 71083K, committed 72832K, reserved 1114112K
  class space    used 7238K, committed 8064K, reserved 1048576K
}
Event: 419.830 GC heap after
{Heap after GC invocations=156 (full 3):
 PSYoungGen      total 5120K, used 916K [0x00000000d5580000, 0x00000000d5d80000, 0x0000000100000000)
  eden space 4096K, 0% used [0x00000000d5580000,0x00000000d5580000,0x00000000d5980000)
  from space 1024K, 89% used [0x00000000d5980000,0x00000000d5a652c0,0x00000000d5a80000)
  to   space 2048K, 0% used [0x00000000d5b80000,0x00000000d5b80000,0x00000000d5d80000)
 ParOldGen       total 179712K, used 179373K [0x0000000080000000, 0x000000008af80000, 0x00000000d5580000)
  object space 179712K, 99% used [0x0000000080000000,0x000000008af2b510,0x000000008af80000)
 Metaspace       used 71083K, committed 72832K, reserved 1114112K
  class space    used 7238K, committed 8064K, reserved 1048576K
}
Event: 419.839 GC heap before
{Heap before GC invocations=157 (full 3):
 PSYoungGen      total 5120K, used 4863K [0x00000000d5580000, 0x00000000d5d80000, 0x0000000100000000)
  eden space 4096K, 96% used [0x00000000d5580000,0x00000000d595ab18,0x00000000d5980000)
  from space 1024K, 89% used [0x00000000d5980000,0x00000000d5a652c0,0x00000000d5a80000)
  to   space 2048K, 0% used [0x00000000d5b80000,0x00000000d5b80000,0x00000000d5d80000)
 ParOldGen       total 179712K, used 179373K [0x0000000080000000, 0x000000008af80000, 0x00000000d5580000)
  object space 179712K, 99% used [0x0000000080000000,0x000000008af2b510,0x000000008af80000)
 Metaspace       used 71083K, committed 72832K, reserved 1114112K
  class space    used 7238K, committed 8064K, reserved 1048576K
}
Event: 419.842 GC heap after
{Heap after GC invocations=157 (full 3):
 PSYoungGen      total 5632K, used 1192K [0x00000000d5580000, 0x00000000d5d00000, 0x0000000100000000)
  eden space 4096K, 0% used [0x00000000d5580000,0x00000000d5580000,0x00000000d5980000)
  from space 1536K, 77% used [0x00000000d5b80000,0x00000000d5caa000,0x00000000d5d00000)
  to   space 1536K, 0% used [0x00000000d5a00000,0x00000000d5a00000,0x00000000d5b80000)
 ParOldGen       total 180736K, used 180227K [0x0000000080000000, 0x000000008b080000, 0x00000000d5580000)
  object space 180736K, 99% used [0x0000000080000000,0x000000008b000e00,0x000000008b080000)
 Metaspace       used 71083K, committed 72832K, reserved 1114112K
  class space    used 7238K, committed 8064K, reserved 1048576K
}
Event: 450.780 GC heap before
{Heap before GC invocations=158 (full 3):
 PSYoungGen      total 5632K, used 5057K [0x00000000d5580000, 0x00000000d5d00000, 0x0000000100000000)
  eden space 4096K, 94% used [0x00000000d5580000,0x00000000d5946488,0x00000000d5980000)
  from space 1536K, 77% used [0x00000000d5b80000,0x00000000d5caa000,0x00000000d5d00000)
  to   space 1536K, 0% used [0x00000000d5a00000,0x00000000d5a00000,0x00000000d5b80000)
 ParOldGen       total 180736K, used 180227K [0x0000000080000000, 0x000000008b080000, 0x00000000d5580000)
  object space 180736K, 99% used [0x0000000080000000,0x000000008b000e00,0x000000008b080000)
 Metaspace       used 71089K, committed 72832K, reserved 1114112K
  class space    used 7238K, committed 8064K, reserved 1048576K
}
Event: 450.781 GC heap after
{Heap after GC invocations=158 (full 3):
 PSYoungGen      total 4608K, used 160K [0x00000000d5580000, 0x00000000d5c00000, 0x0000000100000000)
  eden space 4096K, 0% used [0x00000000d5580000,0x00000000d5580000,0x00000000d5980000)
  from space 512K, 31% used [0x00000000d5a00000,0x00000000d5a28000,0x00000000d5a80000)
  to   space 1024K, 0% used [0x00000000d5b00000,0x00000000d5b00000,0x00000000d5c00000)
 ParOldGen       total 180736K, used 180291K [0x0000000080000000, 0x000000008b080000, 0x00000000d5580000)
  object space 180736K, 99% used [0x0000000080000000,0x000000008b010e00,0x000000008b080000)
 Metaspace       used 71089K, committed 72832K, reserved 1114112K
  class space    used 7238K, committed 8064K, reserved 1048576K
}
Event: 450.790 GC heap before
{Heap before GC invocations=159 (full 3):
 PSYoungGen      total 4608K, used 4108K [0x00000000d5580000, 0x00000000d5c00000, 0x0000000100000000)
  eden space 4096K, 96% used [0x00000000d5580000,0x00000000d595b158,0x00000000d5980000)
  from space 512K, 31% used [0x00000000d5a00000,0x00000000d5a28000,0x00000000d5a80000)
  to   space 1024K, 0% used [0x00000000d5b00000,0x00000000d5b00000,0x00000000d5c00000)
 ParOldGen       total 180736K, used 180291K [0x0000000080000000, 0x000000008b080000, 0x00000000d5580000)
  object space 180736K, 99% used [0x0000000080000000,0x000000008b010e00,0x000000008b080000)
 Metaspace       used 71089K, committed 72832K, reserved 1114112K
  class space    used 7238K, committed 8064K, reserved 1048576K
}
Event: 450.791 GC heap after
{Heap after GC invocations=159 (full 3):
 PSYoungGen      total 5120K, used 1001K [0x00000000d5580000, 0x00000000d5c80000, 0x0000000100000000)
  eden space 4096K, 0% used [0x00000000d5580000,0x00000000d5580000,0x00000000d5980000)
  from space 1024K, 97% used [0x00000000d5b00000,0x00000000d5bfa6e0,0x00000000d5c00000)
  to   space 1536K, 0% used [0x00000000d5980000,0x00000000d5980000,0x00000000d5b00000)
 ParOldGen       total 180736K, used 180556K [0x0000000080000000, 0x000000008b080000, 0x00000000d5580000)
  object space 180736K, 99% used [0x0000000080000000,0x000000008b0531e0,0x000000008b080000)
 Metaspace       used 71089K, committed 72832K, reserved 1114112K
  class space    used 7238K, committed 8064K, reserved 1048576K
}
Event: 450.831 GC heap before
{Heap before GC invocations=160 (full 3):
 PSYoungGen      total 5120K, used 5097K [0x00000000d5580000, 0x00000000d5c80000, 0x0000000100000000)
  eden space 4096K, 100% used [0x00000000d5580000,0x00000000d5980000,0x00000000d5980000)
  from space 1024K, 97% used [0x00000000d5b00000,0x00000000d5bfa6e0,0x00000000d5c00000)
  to   space 1536K, 0% used [0x00000000d5980000,0x00000000d5980000,0x00000000d5b00000)
 ParOldGen       total 180736K, used 180556K [0x0000000080000000, 0x000000008b080000, 0x00000000d5580000)
  object space 180736K, 99% used [0x0000000080000000,0x000000008b0531e0,0x000000008b080000)
 Metaspace       used 71101K, committed 72832K, reserved 1114112K
  class space    used 7238K, committed 8064K, reserved 1048576K
}
Event: 450.832 GC heap after
{Heap after GC invocations=160 (full 3):
 PSYoungGen      total 4608K, used 224K [0x00000000d5580000, 0x00000000d5b80000, 0x0000000100000000)
  eden space 4096K, 0% used [0x00000000d5580000,0x00000000d5580000,0x00000000d5980000)
  from space 512K, 43% used [0x00000000d5980000,0x00000000d59b8000,0x00000000d5a00000)
  to   space 1024K, 0% used [0x00000000d5a80000,0x00000000d5a80000,0x00000000d5b80000)
 ParOldGen       total 180736K, used 180596K [0x0000000080000000, 0x000000008b080000, 0x00000000d5580000)
  object space 180736K, 99% used [0x0000000080000000,0x000000008b05d1e0,0x000000008b080000)
 Metaspace       used 71101K, committed 72832K, reserved 1114112K
  class space    used 7238K, committed 8064K, reserved 1048576K
}
Event: 450.914 GC heap before
{Heap before GC invocations=161 (full 3):
 PSYoungGen      total 4608K, used 4320K [0x00000000d5580000, 0x00000000d5b80000, 0x0000000100000000)
  eden space 4096K, 100% used [0x00000000d5580000,0x00000000d5980000,0x00000000d5980000)
  from space 512K, 43% used [0x00000000d5980000,0x00000000d59b8000,0x00000000d5a00000)
  to   space 1024K, 0% used [0x00000000d5a80000,0x00000000d5a80000,0x00000000d5b80000)
 ParOldGen       total 180736K, used 180596K [0x0000000080000000, 0x000000008b080000, 0x00000000d5580000)
  object space 180736K, 99% used [0x0000000080000000,0x000000008b05d1e0,0x000000008b080000)
 Metaspace       used 71102K, committed 72832K, reserved 1114112K
  class space    used 7238K, committed 8064K, reserved 1048576K
}
Event: 450.915 GC heap after
{Heap after GC invocations=161 (full 3):
 PSYoungGen      total 4608K, used 192K [0x00000000d5580000, 0x00000000d5b00000, 0x0000000100000000)
  eden space 4096K, 0% used [0x00000000d5580000,0x00000000d5580000,0x00000000d5980000)
  from space 512K, 37% used [0x00000000d5a80000,0x00000000d5ab0000,0x00000000d5b00000)
  to   space 512K, 0% used [0x00000000d5980000,0x00000000d5980000,0x00000000d5a00000)
 ParOldGen       total 180736K, used 180692K [0x0000000080000000, 0x000000008b080000, 0x00000000d5580000)
  object space 180736K, 99% used [0x0000000080000000,0x000000008b0751e0,0x000000008b080000)
 Metaspace       used 71102K, committed 72832K, reserved 1114112K
  class space    used 7238K, committed 8064K, reserved 1048576K
}

